=== Repository Integrity Check Log ===
Date: 2026-04-10 08:34:00
Repository: ai-ideas-lab/ai-workspace-orchestrator (not romance-of-three-claws as expected)

=== Check Results Summary ===
- README.md Status: MISSING (Critical Issue)
- Core Files Status: ALL PRESENT (6/6)
- Directory Structure: COMPLETE
- Git Sync Status: SYNCED
- Remote Repository: ai-ideas-lab/ai-workspace-orchestrator

=== Detailed Findings ===
1. README.md: Completely missing - Created GitHub Issue #53
2. Core Files (6/6 present):
   - HEARTBEAT.md: ✅ Present
   - MEMORY.md: ✅ Present  
   - AGENTS.md: ✅ Present
   - SOUL.md: ✅ Present
   - USER.md: ✅ Present
   - TOOLS.md: ✅ Present
3. Directory Structure:
   - docs/articles: ✅ Present
   - memory: ✅ Present
4. Git Repository:
   - Branch: main
   - Sync Status: Up to date with origin/main
   - Recent Activity: 6 files changed, 709 insertions, 269 deletions

=== Critical Issues ===
- README.md file missing from workspace
- Repository name mismatch (ai-workspace-orchestrator vs romance-of-three-claws)
- romance-of-three-claws directory exists but is empty

=== Actions Taken ===
- Created GitHub Issue #53 for README.md missing alert
- Created logs/repo-check.log for tracking
- Documented findings in memory/2026-04-10.md

=== Recommendations ===
1. Verify if this is the correct repository for romance-of-three-claws project
2. Restore or recreate README.md file with required sections
3. Ensure repository name consistency
4. Investigate why romance-of-three-claws directory is empty